<component name="libraryTable">
  <library name="junit-jupiter-engine-5.7.1">
    <CLASSES>
      <root url="jar://$USER_HOME$/Downloads/junit-jupiter-engine-5.7.1.jar!/" />
      <root url="jar://$USER_HOME$/Downloads/junit-platform-commons-1.7.1.jar!/" />
      <root url="jar://$USER_HOME$/Downloads/junit-platform-engine-1.7.1.jar!/" />
    </CLASSES>
    <JAVADOC />
    <SOURCES />
  </library>
</component>